<?xml version="1.0" encoding="UTF-8"?>
<!-- Generated by org.testng.reporters.JUnitReportReporter -->
<testsuite hostname="hosh" failures="0" tests="10" name="hust.cs.javacourse.search.index.IndexTest" time="0.015" errors="0" timestamp="04 May 2024 13:22:54 GMT" skipped="0">
  <testcase classname="hust.cs.javacourse.search.index.IndexTest" name="testLoad" time="0.006"/>
  <testcase classname="hust.cs.javacourse.search.index.IndexTest" name="testAddDocument" time="0.000"/>
  <testcase classname="hust.cs.javacourse.search.index.IndexTest" name="testSave" time="0.003"/>
  <testcase classname="hust.cs.javacourse.search.index.IndexTest" name="testOptimize" time="0.000"/>
  <testcase classname="hust.cs.javacourse.search.index.IndexTest" name="testTestToString" time="0.001"/>
  <testcase classname="hust.cs.javacourse.search.index.IndexTest" name="testGetDictionary" time="0.000"/>
  <testcase classname="hust.cs.javacourse.search.index.IndexTest" name="testWriteObject" time="0.002"/>
  <testcase classname="hust.cs.javacourse.search.index.IndexTest" name="testGetDocName" time="0.000"/>
  <testcase classname="hust.cs.javacourse.search.index.IndexTest" name="testSearch" time="0.000"/>
  <testcase classname="hust.cs.javacourse.search.index.IndexTest" name="testReadObject" time="0.003"/>
</testsuite> <!-- hust.cs.javacourse.search.index.IndexTest -->
