<?xml version="1.0" encoding="UTF-8"?>
<!-- Generated by org.testng.reporters.JUnitReportReporter -->
<testsuite hostname="hosh" failures="0" tests="2" name="hust.cs.javacourse.search.index.DocumentBuilderTest" time="0.000" errors="0" timestamp="03 May 2024 08:06:05 GMT" skipped="2">
  <testcase classname="hust.cs.javacourse.search.index.DocumentBuilderTest" name="testBuild" time="0.000">
    <skipped/>
  </testcase> <!-- testBuild -->
  <testcase classname="hust.cs.javacourse.search.index.DocumentBuilderTest" name="testTestBuild" time="0.000">
    <skipped/>
  </testcase> <!-- testTestBuild -->
</testsuite> <!-- hust.cs.javacourse.search.index.DocumentBuilderTest -->
